{"level":"error","message":"TypeError: Cannot set properties of undefined (setting 'Content-Type')\n    at proxyReqBodyDecorator (D:\\Study\\APP\\SOCIAL-MEDIA-MICROSERVICE\\api-gateway\\src\\server.js:67:44)\n    at decorateProxyReqBody (D:\\Study\\APP\\SOCIAL-MEDIA-MICROSERVICE\\api-gateway\\node_modules\\express-http-proxy\\app\\steps\\decorateProxyReqBody.js:18:14)\n    at process.processTicksAndRejections (node:internal/process/task_queues:105:5)","service":"api-gateway","timestamp":"2026-03-26T15:52:32.474Z"}
{"level":"error","message":"TypeError: Cannot set properties of undefined (setting 'Content-Type')\n    at proxyReqBodyDecorator (D:\\Study\\APP\\SOCIAL-MEDIA-MICROSERVICE\\api-gateway\\src\\server.js:67:44)\n    at decorateProxyReqBody (D:\\Study\\APP\\SOCIAL-MEDIA-MICROSERVICE\\api-gateway\\node_modules\\express-http-proxy\\app\\steps\\decorateProxyReqBody.js:18:14)\n    at process.processTicksAndRejections (node:internal/process/task_queues:105:5)","service":"api-gateway","timestamp":"2026-03-26T15:52:32.474Z"}
{"level":"error","message":"TypeError: Cannot set properties of undefined (setting 'Content-Type')\n    at proxyReqBodyDecorator (D:\\Study\\APP\\SOCIAL-MEDIA-MICROSERVICE\\api-gateway\\src\\server.js:67:44)\n    at decorateProxyReqBody (D:\\Study\\APP\\SOCIAL-MEDIA-MICROSERVICE\\api-gateway\\node_modules\\express-http-proxy\\app\\steps\\decorateProxyReqBody.js:18:14)\n    at process.processTicksAndRejections (node:internal/process/task_queues:105:5)","service":"api-gateway","timestamp":"2026-03-26T15:54:35.922Z"}
{"level":"error","message":"TypeError: Cannot set properties of undefined (setting 'Content-Type')\n    at proxyReqBodyDecorator (D:\\Study\\APP\\SOCIAL-MEDIA-MICROSERVICE\\api-gateway\\src\\server.js:67:44)\n    at decorateProxyReqBody (D:\\Study\\APP\\SOCIAL-MEDIA-MICROSERVICE\\api-gateway\\node_modules\\express-http-proxy\\app\\steps\\decorateProxyReqBody.js:18:14)\n    at process.processTicksAndRejections (node:internal/process/task_queues:105:5)","service":"api-gateway","timestamp":"2026-03-26T15:54:35.922Z"}
{"level":"error","message":"AggregateError [ECONNREFUSED]: \n    at internalConnectMultiple (node:net:1134:18)\n    at afterConnectMultiple (node:net:1715:7)","service":"api-gateway","timestamp":"2026-03-26T15:57:21.737Z"}
{"level":"error","message":"AggregateError [ECONNREFUSED]: \n    at internalConnectMultiple (node:net:1134:18)\n    at afterConnectMultiple (node:net:1715:7)","service":"api-gateway","timestamp":"2026-03-26T15:57:21.737Z"}
{"level":"error","message":"AggregateError [ECONNREFUSED]: \n    at internalConnectMultiple (node:net:1134:18)\n    at afterConnectMultiple (node:net:1715:7)","service":"api-gateway","timestamp":"2026-03-26T15:58:34.988Z"}
{"level":"error","message":"AggregateError [ECONNREFUSED]: \n    at internalConnectMultiple (node:net:1134:18)\n    at afterConnectMultiple (node:net:1715:7)","service":"api-gateway","timestamp":"2026-03-26T15:58:34.988Z"}
{"level":"error","message":"AggregateError [ECONNREFUSED]: \n    at internalConnectMultiple (node:net:1134:18)\n    at afterConnectMultiple (node:net:1715:7)","service":"api-gateway","timestamp":"2026-03-26T15:58:59.323Z"}
{"level":"error","message":"AggregateError [ECONNREFUSED]: \n    at internalConnectMultiple (node:net:1134:18)\n    at afterConnectMultiple (node:net:1715:7)","service":"api-gateway","timestamp":"2026-03-26T15:58:59.323Z"}
{"level":"error","message":"Proxy error: Cannot read properties of undefined (reading 'userId')","service":"api-gateway","timestamp":"2026-04-05T13:18:21.018Z"}
{"level":"error","message":"Proxy error: Cannot read properties of undefined (reading 'userId')","service":"api-gateway","timestamp":"2026-04-05T13:18:21.018Z"}
{"level":"error","message":"Proxy error: Cannot read properties of undefined (reading 'userId')","service":"api-gateway","timestamp":"2026-04-05T13:18:42.497Z"}
{"level":"error","message":"Proxy error: Cannot read properties of undefined (reading 'userId')","service":"api-gateway","timestamp":"2026-04-05T13:18:42.497Z"}
{"level":"error","message":"Proxy error: Cannot read properties of undefined (reading 'userId')","service":"api-gateway","timestamp":"2026-04-05T13:18:52.490Z"}
{"level":"error","message":"Proxy error: Cannot read properties of undefined (reading 'userId')","service":"api-gateway","timestamp":"2026-04-05T13:18:52.490Z"}
{"level":"error","message":"Proxy error: Cannot read properties of undefined (reading 'userId')","service":"api-gateway","timestamp":"2026-04-05T13:29:02.733Z"}
{"level":"error","message":"Proxy error: Cannot read properties of undefined (reading 'userId')","service":"api-gateway","timestamp":"2026-04-05T13:29:02.733Z"}
{"level":"error","message":"Proxy error: Cannot read properties of undefined (reading 'userId')","service":"api-gateway","timestamp":"2026-04-05T13:29:08.445Z"}
{"level":"error","message":"Proxy error: Cannot read properties of undefined (reading 'userId')","service":"api-gateway","timestamp":"2026-04-05T13:29:08.445Z"}
{"level":"error","message":"Proxy error: connect ECONNREFUSED ::1:3001","service":"api-gateway","timestamp":"2026-04-05T14:23:08.041Z"}
{"level":"error","message":"Proxy error: connect ECONNREFUSED ::1:3001","service":"api-gateway","timestamp":"2026-04-05T14:23:08.041Z"}
{"level":"error","message":"Proxy error: connect ECONNREFUSED ::1:3001","service":"api-gateway","timestamp":"2026-04-05T14:24:02.050Z"}
{"level":"error","message":"Proxy error: connect ECONNREFUSED ::1:3001","service":"api-gateway","timestamp":"2026-04-05T14:24:02.050Z"}
{"level":"error","message":"Proxy error: connect ECONNREFUSED ::1:3001","service":"api-gateway","timestamp":"2026-04-05T14:24:11.376Z"}
{"level":"error","message":"Proxy error: connect ECONNREFUSED ::1:3001","service":"api-gateway","timestamp":"2026-04-05T14:24:11.376Z"}
{"level":"error","message":"SyntaxError: Expected double-quoted property name in JSON at position 50 (line 3 column 1)\n    at JSON.parse (<anonymous>)\n    at parse (D:\\Study\\APP\\SOCIAL-MEDIA-MICROSERVICE\\api-gateway\\node_modules\\body-parser\\lib\\types\\json.js:72:19)\n    at D:\\Study\\APP\\SOCIAL-MEDIA-MICROSERVICE\\api-gateway\\node_modules\\body-parser\\lib\\read.js:162:18\n    at AsyncResource.runInAsyncScope (node:async_hooks:214:14)\n    at invokeCallback (D:\\Study\\APP\\SOCIAL-MEDIA-MICROSERVICE\\api-gateway\\node_modules\\raw-body\\index.js:238:16)\n    at done (D:\\Study\\APP\\SOCIAL-MEDIA-MICROSERVICE\\api-gateway\\node_modules\\raw-body\\index.js:227:7)\n    at IncomingMessage.onEnd (D:\\Study\\APP\\SOCIAL-MEDIA-MICROSERVICE\\api-gateway\\node_modules\\raw-body\\index.js:287:7)\n    at IncomingMessage.emit (node:events:519:28)\n    at endReadableNT (node:internal/streams/readable:1698:12)\n    at process.processTicksAndRejections (node:internal/process/task_queues:90:21)","service":"api-gateway","timestamp":"2026-04-08T08:59:16.416Z"}
{"level":"error","message":"SyntaxError: Expected double-quoted property name in JSON at position 50 (line 3 column 1)\n    at JSON.parse (<anonymous>)\n    at parse (D:\\Study\\APP\\SOCIAL-MEDIA-MICROSERVICE\\api-gateway\\node_modules\\body-parser\\lib\\types\\json.js:72:19)\n    at D:\\Study\\APP\\SOCIAL-MEDIA-MICROSERVICE\\api-gateway\\node_modules\\body-parser\\lib\\read.js:162:18\n    at AsyncResource.runInAsyncScope (node:async_hooks:214:14)\n    at invokeCallback (D:\\Study\\APP\\SOCIAL-MEDIA-MICROSERVICE\\api-gateway\\node_modules\\raw-body\\index.js:238:16)\n    at done (D:\\Study\\APP\\SOCIAL-MEDIA-MICROSERVICE\\api-gateway\\node_modules\\raw-body\\index.js:227:7)\n    at IncomingMessage.onEnd (D:\\Study\\APP\\SOCIAL-MEDIA-MICROSERVICE\\api-gateway\\node_modules\\raw-body\\index.js:287:7)\n    at IncomingMessage.emit (node:events:519:28)\n    at endReadableNT (node:internal/streams/readable:1698:12)\n    at process.processTicksAndRejections (node:internal/process/task_queues:90:21)","service":"api-gateway","timestamp":"2026-04-08T08:59:16.416Z"}
{"level":"error","message":"Proxy error: ","service":"api-gateway","timestamp":"2026-04-08T16:06:45.900Z"}
{"level":"error","message":"Proxy error: ","service":"api-gateway","timestamp":"2026-04-08T16:06:45.900Z"}
{"level":"error","message":"Proxy error: ","service":"api-gateway","timestamp":"2026-04-08T16:06:55.211Z"}
{"level":"error","message":"Proxy error: ","service":"api-gateway","timestamp":"2026-04-08T16:06:55.211Z"}
{"level":"error","message":"Proxy error: Cannot read properties of null (reading 'headers')","service":"api-gateway","timestamp":"2026-04-08T16:15:41.290Z"}
{"level":"error","message":"Proxy error: Cannot read properties of null (reading 'headers')","service":"api-gateway","timestamp":"2026-04-08T16:15:41.290Z"}
{"level":"error","message":"Proxy error: Cannot read properties of null (reading 'headers')","service":"api-gateway","timestamp":"2026-04-08T16:16:32.139Z"}
{"level":"error","message":"Proxy error: Cannot read properties of null (reading 'headers')","service":"api-gateway","timestamp":"2026-04-08T16:16:32.139Z"}
{"level":"error","message":"Proxy error: ","service":"api-gateway","timestamp":"2026-04-09T07:50:12.153Z"}
{"level":"error","message":"Proxy error: ","service":"api-gateway","timestamp":"2026-04-09T07:50:12.153Z"}
{"level":"error","message":"Proxy error: ","service":"api-gateway","timestamp":"2026-04-09T07:51:20.207Z"}
{"level":"error","message":"Proxy error: ","service":"api-gateway","timestamp":"2026-04-09T07:51:20.207Z"}
{"level":"error","message":"Proxy error: ","service":"api-gateway","timestamp":"2026-04-09T07:52:10.809Z"}
{"level":"error","message":"Proxy error: ","service":"api-gateway","timestamp":"2026-04-09T07:52:10.809Z"}
